{
  "RSpec": {
    "coverage": {
      "/Users/josephtownshend/projects/MAKERS/WEEK_10/bank/spec/bank_spec.rb": [
        null,
        null,
        1,
        null,
        1,
        1,
        9,
        9,
        null,
        1,
        1,
        1,
        null,
        null,
        1,
        1,
        null,
        null,
        1,
        1,
        null,
        null,
        1,
        1,
        null,
        null,
        null,
        1,
        1,
        1,
        1,
        null,
        null,
        null,
        1,
        1,
        1,
        1,
        1,
        null,
        null,
        null,
        1,
        1,
        1,
        1,
        1,
        1,
        null,
        null,
        null,
        null,
        null,
        null,
        null,
        null,
        1,
        1,
        1,
        1,
        1,
        2,
        null,
        null,
        null,
        null,
        null,
        null,
        null,
        null,
        1,
        1,
        1,
        1,
        1,
        1,
        1,
        1,
        null,
        null,
        null
      ],
      "/Users/josephtownshend/projects/MAKERS/WEEK_10/bank/lib/bank.rb": [
        null,
        1,
        null,
        1,
        1,
        null,
        1,
        9,
        9,
        9,
        9,
        null,
        null,
        1,
        8,
        8,
        8,
        8,
        null,
        null,
        1,
        4,
        4,
        4,
        4,
        null,
        null,
        1,
        2,
        2,
        null,
        null,
        1,
        1,
        1,
        null,
        null
      ],
      "/Users/josephtownshend/projects/MAKERS/WEEK_10/bank/lib/print.rb": [
        1,
        null,
        1,
        null,
        1,
        4,
        null,
        null,
        null
      ],
      "/Users/josephtownshend/projects/MAKERS/WEEK_10/bank/spec/print_spec.rb": [
        1,
        null,
        1,
        1,
        1,
        null,
        1,
        1,
        1,
        null,
        null,
        null
      ]
    },
    "timestamp": 1564577609
  }
}
