{
  "RSpec": {
    "coverage": {
      "/Users/josephtownshend/projects/MAKERS/WEEK_10/bank/spec/bank_spec.rb": [
        null,
        null,
        1,
        null,
        1,
        1,
        6,
        null,
        1,
        1,
        1,
        null,
        null,
        1,
        1,
        null,
        null,
        1,
        1,
        null,
        null,
        null,
        1,
        1,
        1,
        1,
        null,
        null,
        null,
        1,
        1,
        1,
        1,
        1,
        null,
        null,
        null,
        1,
        1,
        1,
        1,
        null,
        null,
        null
      ],
      "/Users/josephtownshend/projects/MAKERS/WEEK_10/bank/lib/bank.rb": [
        null,
        null,
        1,
        1,
        null,
        1,
        6,
        6,
        6,
        null,
        null,
        1,
        2,
        null,
        null,
        1,
        1,
        null,
        null,
        1,
        1,
        1,
        null,
        null
      ]
    },
    "timestamp": 1564478681
  }
}
